<?xml version="1.0" encoding="UTF-8"?>
<!-- Generated by org.testng.reporters.JUnitReportReporter -->
<testsuite ignored="0" hostname="WIN10EDS9" failures="0" tests="2" name="com.login.UserLoginTest" time="0.046" errors="0" timestamp="01 Apr 2024 05:56:52 GMT" skipped="0">
  <testcase classname="com.login.UserLoginTest" name="test_login2" time="0.001"/>
  <testcase classname="com.login.UserLoginTest" name="test_login" time="0.045"/>
</testsuite> <!-- com.login.UserLoginTest -->
