<?xml version="1.0" encoding="UTF-8"?>
<!-- Generated by org.testng.reporters.JUnitReportReporter -->
<testsuite ignored="1" hostname="WIN10EDS9" failures="0" tests="2" name="com.login.LoginTest" time="8.372" errors="0" timestamp="01 Apr 2024 06:53:51 GMT" skipped="0">
  <testcase classname="com.login.LoginTest" name="Validlogin" time="4.347"/>
  <testcase classname="com.login.LoginTest" name="InValidlogin" time="4.025"/>
  <testcase classname="com.login.LoginTest" name="forgotPassword">
    <skipped/>
  </testcase> <!-- forgotPassword -->
</testsuite> <!-- com.login.LoginTest -->
